2025-10-23 19:23:18 +00:00: ❌ Error fetching GitHub stats: Error: HTTP 403: Forbidden
2025-10-23 19:23:18 +00:00:     at ClientRequest.<anonymous> (/root/mofa-developer-page/server.js:167:23)
2025-10-23 19:23:18 +00:00:     at Object.onceWrapper (node:events:639:26)
2025-10-23 19:23:18 +00:00:     at ClientRequest.emit (node:events:524:28)
2025-10-23 19:23:18 +00:00:     at HTTPParser.parserOnIncomingClient [as onIncoming] (node:_http_client:702:27)
2025-10-23 19:23:18 +00:00:     at HTTPParser.parserOnHeadersComplete (node:_http_common:118:17)
2025-10-23 19:23:18 +00:00:     at TLSSocket.socketOnData (node:_http_client:544:22)
2025-10-23 19:23:18 +00:00:     at TLSSocket.emit (node:events:524:28)
2025-10-23 19:23:18 +00:00:     at addChunk (node:internal/streams/readable:561:12)
2025-10-23 19:23:18 +00:00:     at readableAddChunkPushByteMode (node:internal/streams/readable:512:3)
2025-10-23 19:23:18 +00:00:     at Readable.push (node:internal/streams/readable:392:5)
2025-10-23 19:23:18 +00:00: ❌ Error fetching icon: qr-code Error: HTTP 404: Not Found
2025-10-23 19:23:18 +00:00:     at ClientRequest.<anonymous> (/root/mofa-developer-page/server.js:167:23)
2025-10-23 19:23:18 +00:00:     at Object.onceWrapper (node:events:639:26)
2025-10-23 19:23:18 +00:00:     at ClientRequest.emit (node:events:524:28)
2025-10-23 19:23:18 +00:00:     at HTTPParser.parserOnIncomingClient [as onIncoming] (node:_http_client:702:27)
2025-10-23 19:23:18 +00:00:     at HTTPParser.parserOnHeadersComplete (node:_http_common:118:17)
2025-10-23 19:23:18 +00:00:     at TLSSocket.socketOnData (node:_http_client:544:22)
2025-10-23 19:23:18 +00:00:     at TLSSocket.emit (node:events:524:28)
2025-10-23 19:23:18 +00:00:     at addChunk (node:internal/streams/readable:561:12)
2025-10-23 19:23:18 +00:00:     at readableAddChunkPushByteMode (node:internal/streams/readable:512:3)
2025-10-23 19:23:18 +00:00:     at Readable.push (node:internal/streams/readable:392:5)
2025-10-23 19:34:46 +00:00: ❌ Error fetching GitHub stats: Error: HTTP 403: Forbidden
2025-10-23 19:34:46 +00:00:     at ClientRequest.<anonymous> (/root/mofa-developer-page/server.js:167:23)
2025-10-23 19:34:46 +00:00:     at Object.onceWrapper (node:events:639:26)
2025-10-23 19:34:46 +00:00:     at ClientRequest.emit (node:events:524:28)
2025-10-23 19:34:46 +00:00:     at HTTPParser.parserOnIncomingClient [as onIncoming] (node:_http_client:702:27)
2025-10-23 19:34:46 +00:00:     at HTTPParser.parserOnHeadersComplete (node:_http_common:118:17)
2025-10-23 19:34:46 +00:00:     at TLSSocket.socketOnData (node:_http_client:544:22)
2025-10-23 19:34:46 +00:00:     at TLSSocket.emit (node:events:524:28)
2025-10-23 19:34:46 +00:00:     at addChunk (node:internal/streams/readable:561:12)
2025-10-23 19:34:46 +00:00:     at readableAddChunkPushByteMode (node:internal/streams/readable:512:3)
2025-10-23 19:34:46 +00:00:     at Readable.push (node:internal/streams/readable:392:5)
2025-10-23 19:35:08 +00:00: ❌ Error fetching GitHub stats: Error: HTTP 403: Forbidden
2025-10-23 19:35:08 +00:00:     at ClientRequest.<anonymous> (/root/mofa-developer-page/server.js:167:23)
2025-10-23 19:35:08 +00:00:     at Object.onceWrapper (node:events:639:26)
2025-10-23 19:35:08 +00:00:     at ClientRequest.emit (node:events:524:28)
2025-10-23 19:35:08 +00:00:     at HTTPParser.parserOnIncomingClient [as onIncoming] (node:_http_client:702:27)
2025-10-23 19:35:08 +00:00:     at HTTPParser.parserOnHeadersComplete (node:_http_common:118:17)
2025-10-23 19:35:08 +00:00:     at TLSSocket.socketOnData (node:_http_client:544:22)
2025-10-23 19:35:08 +00:00:     at TLSSocket.emit (node:events:524:28)
2025-10-23 19:35:08 +00:00:     at addChunk (node:internal/streams/readable:561:12)
2025-10-23 19:35:08 +00:00:     at readableAddChunkPushByteMode (node:internal/streams/readable:512:3)
2025-10-23 19:35:08 +00:00:     at Readable.push (node:internal/streams/readable:392:5)
2025-10-23 19:35:14 +00:00: ❌ Error fetching GitHub stats: Error: HTTP 403: Forbidden
2025-10-23 19:35:14 +00:00:     at ClientRequest.<anonymous> (/root/mofa-developer-page/server.js:167:23)
2025-10-23 19:35:14 +00:00:     at Object.onceWrapper (node:events:639:26)
2025-10-23 19:35:14 +00:00:     at ClientRequest.emit (node:events:524:28)
2025-10-23 19:35:14 +00:00:     at HTTPParser.parserOnIncomingClient [as onIncoming] (node:_http_client:702:27)
2025-10-23 19:35:14 +00:00:     at HTTPParser.parserOnHeadersComplete (node:_http_common:118:17)
2025-10-23 19:35:14 +00:00:     at TLSSocket.socketOnData (node:_http_client:544:22)
2025-10-23 19:35:14 +00:00:     at TLSSocket.emit (node:events:524:28)
2025-10-23 19:35:14 +00:00:     at addChunk (node:internal/streams/readable:561:12)
2025-10-23 19:35:14 +00:00:     at readableAddChunkPushByteMode (node:internal/streams/readable:512:3)
2025-10-23 19:35:14 +00:00:     at Readable.push (node:internal/streams/readable:392:5)
2025-10-23 19:36:02 +00:00: ❌ Error fetching GitHub stats: Error: HTTP 403: Forbidden
2025-10-23 19:36:02 +00:00:     at ClientRequest.<anonymous> (/root/mofa-developer-page/server.js:167:23)
2025-10-23 19:36:02 +00:00:     at Object.onceWrapper (node:events:639:26)
2025-10-23 19:36:02 +00:00:     at ClientRequest.emit (node:events:524:28)
2025-10-23 19:36:02 +00:00:     at HTTPParser.parserOnIncomingClient [as onIncoming] (node:_http_client:702:27)
2025-10-23 19:36:02 +00:00:     at HTTPParser.parserOnHeadersComplete (node:_http_common:118:17)
2025-10-23 19:36:02 +00:00:     at TLSSocket.socketOnData (node:_http_client:544:22)
2025-10-23 19:36:02 +00:00:     at TLSSocket.emit (node:events:524:28)
2025-10-23 19:36:02 +00:00:     at addChunk (node:internal/streams/readable:561:12)
2025-10-23 19:36:02 +00:00:     at readableAddChunkPushByteMode (node:internal/streams/readable:512:3)
2025-10-23 19:36:02 +00:00:     at Readable.push (node:internal/streams/readable:392:5)
2025-10-23 19:42:37 +00:00: ❌ Error fetching GitHub stats: Error: HTTP 403: Forbidden
2025-10-23 19:42:37 +00:00:     at ClientRequest.<anonymous> (/root/mofa-developer-page/server.js:167:23)
2025-10-23 19:42:37 +00:00:     at Object.onceWrapper (node:events:639:26)
2025-10-23 19:42:37 +00:00:     at ClientRequest.emit (node:events:524:28)
2025-10-23 19:42:37 +00:00:     at HTTPParser.parserOnIncomingClient [as onIncoming] (node:_http_client:702:27)
2025-10-23 19:42:37 +00:00:     at HTTPParser.parserOnHeadersComplete (node:_http_common:118:17)
2025-10-23 19:42:37 +00:00:     at TLSSocket.socketOnData (node:_http_client:544:22)
2025-10-23 19:42:37 +00:00:     at TLSSocket.emit (node:events:524:28)
2025-10-23 19:42:37 +00:00:     at addChunk (node:internal/streams/readable:561:12)
2025-10-23 19:42:37 +00:00:     at readableAddChunkPushByteMode (node:internal/streams/readable:512:3)
2025-10-23 19:42:37 +00:00:     at Readable.push (node:internal/streams/readable:392:5)
2025-10-23 19:42:46 +00:00: ❌ Error fetching GitHub stats: Error: HTTP 403: Forbidden
2025-10-23 19:42:46 +00:00:     at ClientRequest.<anonymous> (/root/mofa-developer-page/server.js:167:23)
2025-10-23 19:42:46 +00:00:     at Object.onceWrapper (node:events:639:26)
2025-10-23 19:42:46 +00:00:     at ClientRequest.emit (node:events:524:28)
2025-10-23 19:42:46 +00:00:     at HTTPParser.parserOnIncomingClient [as onIncoming] (node:_http_client:702:27)
2025-10-23 19:42:46 +00:00:     at HTTPParser.parserOnHeadersComplete (node:_http_common:118:17)
2025-10-23 19:42:46 +00:00:     at TLSSocket.socketOnData (node:_http_client:544:22)
2025-10-23 19:42:46 +00:00:     at TLSSocket.emit (node:events:524:28)
2025-10-23 19:42:46 +00:00:     at addChunk (node:internal/streams/readable:561:12)
2025-10-23 19:42:46 +00:00:     at readableAddChunkPushByteMode (node:internal/streams/readable:512:3)
2025-10-23 19:42:46 +00:00:     at Readable.push (node:internal/streams/readable:392:5)
2025-10-23 19:45:31 +00:00: ❌ Error fetching GitHub stats: Error: HTTP 403: Forbidden
2025-10-23 19:45:31 +00:00:     at ClientRequest.<anonymous> (/root/mofa-developer-page/server.js:167:23)
2025-10-23 19:45:31 +00:00:     at Object.onceWrapper (node:events:639:26)
2025-10-23 19:45:31 +00:00:     at ClientRequest.emit (node:events:524:28)
2025-10-23 19:45:31 +00:00:     at HTTPParser.parserOnIncomingClient [as onIncoming] (node:_http_client:702:27)
2025-10-23 19:45:31 +00:00:     at HTTPParser.parserOnHeadersComplete (node:_http_common:118:17)
2025-10-23 19:45:31 +00:00:     at TLSSocket.socketOnData (node:_http_client:544:22)
2025-10-23 19:45:31 +00:00:     at TLSSocket.emit (node:events:524:28)
2025-10-23 19:45:31 +00:00:     at addChunk (node:internal/streams/readable:561:12)
2025-10-23 19:45:31 +00:00:     at readableAddChunkPushByteMode (node:internal/streams/readable:512:3)
2025-10-23 19:45:31 +00:00:     at Readable.push (node:internal/streams/readable:392:5)
2025-10-23 19:47:49 +00:00: ❌ Error fetching GitHub stats: Error: HTTP 403: Forbidden
2025-10-23 19:47:49 +00:00:     at ClientRequest.<anonymous> (/root/mofa-developer-page/server.js:167:23)
2025-10-23 19:47:49 +00:00:     at Object.onceWrapper (node:events:639:26)
2025-10-23 19:47:49 +00:00:     at ClientRequest.emit (node:events:524:28)
2025-10-23 19:47:49 +00:00:     at HTTPParser.parserOnIncomingClient [as onIncoming] (node:_http_client:702:27)
2025-10-23 19:47:49 +00:00:     at HTTPParser.parserOnHeadersComplete (node:_http_common:118:17)
2025-10-23 19:47:49 +00:00:     at TLSSocket.socketOnData (node:_http_client:544:22)
2025-10-23 19:47:49 +00:00:     at TLSSocket.emit (node:events:524:28)
2025-10-23 19:47:49 +00:00:     at addChunk (node:internal/streams/readable:561:12)
2025-10-23 19:47:49 +00:00:     at readableAddChunkPushByteMode (node:internal/streams/readable:512:3)
2025-10-23 19:47:49 +00:00:     at Readable.push (node:internal/streams/readable:392:5)
2025-10-23 19:51:25 +00:00: ❌ Error fetching GitHub stats: Error: HTTP 403: Forbidden
2025-10-23 19:51:25 +00:00:     at ClientRequest.<anonymous> (/root/mofa-developer-page/server.js:167:23)
2025-10-23 19:51:25 +00:00:     at Object.onceWrapper (node:events:639:26)
2025-10-23 19:51:25 +00:00:     at ClientRequest.emit (node:events:524:28)
2025-10-23 19:51:25 +00:00:     at HTTPParser.parserOnIncomingClient [as onIncoming] (node:_http_client:702:27)
2025-10-23 19:51:25 +00:00:     at HTTPParser.parserOnHeadersComplete (node:_http_common:118:17)
2025-10-23 19:51:25 +00:00:     at TLSSocket.socketOnData (node:_http_client:544:22)
2025-10-23 19:51:25 +00:00:     at TLSSocket.emit (node:events:524:28)
2025-10-23 19:51:25 +00:00:     at addChunk (node:internal/streams/readable:561:12)
2025-10-23 19:51:25 +00:00:     at readableAddChunkPushByteMode (node:internal/streams/readable:512:3)
2025-10-23 19:51:25 +00:00:     at Readable.push (node:internal/streams/readable:392:5)
2025-10-23 19:55:20 +00:00: ❌ Error fetching GitHub stats: Error: HTTP 403: Forbidden
2025-10-23 19:55:20 +00:00:     at ClientRequest.<anonymous> (/root/mofa-developer-page/server.js:167:23)
2025-10-23 19:55:20 +00:00:     at Object.onceWrapper (node:events:639:26)
2025-10-23 19:55:20 +00:00:     at ClientRequest.emit (node:events:524:28)
2025-10-23 19:55:20 +00:00:     at HTTPParser.parserOnIncomingClient [as onIncoming] (node:_http_client:702:27)
2025-10-23 19:55:20 +00:00:     at HTTPParser.parserOnHeadersComplete (node:_http_common:118:17)
2025-10-23 19:55:20 +00:00:     at TLSSocket.socketOnData (node:_http_client:544:22)
2025-10-23 19:55:20 +00:00:     at TLSSocket.emit (node:events:524:28)
2025-10-23 19:55:20 +00:00:     at addChunk (node:internal/streams/readable:561:12)
2025-10-23 19:55:20 +00:00:     at readableAddChunkPushByteMode (node:internal/streams/readable:512:3)
2025-10-23 19:55:20 +00:00:     at Readable.push (node:internal/streams/readable:392:5)
2025-10-23 19:57:01 +00:00: ❌ Error fetching GitHub stats: Error: HTTP 403: Forbidden
2025-10-23 19:57:01 +00:00:     at ClientRequest.<anonymous> (/root/mofa-developer-page/server.js:167:23)
2025-10-23 19:57:01 +00:00:     at Object.onceWrapper (node:events:639:26)
2025-10-23 19:57:01 +00:00:     at ClientRequest.emit (node:events:524:28)
2025-10-23 19:57:01 +00:00:     at HTTPParser.parserOnIncomingClient [as onIncoming] (node:_http_client:702:27)
2025-10-23 19:57:01 +00:00:     at HTTPParser.parserOnHeadersComplete (node:_http_common:118:17)
2025-10-23 19:57:01 +00:00:     at TLSSocket.socketOnData (node:_http_client:544:22)
2025-10-23 19:57:01 +00:00:     at TLSSocket.emit (node:events:524:28)
2025-10-23 19:57:01 +00:00:     at addChunk (node:internal/streams/readable:561:12)
2025-10-23 19:57:01 +00:00:     at readableAddChunkPushByteMode (node:internal/streams/readable:512:3)
2025-10-23 19:57:01 +00:00:     at Readable.push (node:internal/streams/readable:392:5)
2025-10-23 19:58:00 +00:00: ❌ Error fetching GitHub stats: Error: HTTP 403: Forbidden
2025-10-23 19:58:00 +00:00:     at ClientRequest.<anonymous> (/root/mofa-developer-page/server.js:167:23)
2025-10-23 19:58:00 +00:00:     at Object.onceWrapper (node:events:639:26)
2025-10-23 19:58:00 +00:00:     at ClientRequest.emit (node:events:524:28)
2025-10-23 19:58:00 +00:00:     at HTTPParser.parserOnIncomingClient [as onIncoming] (node:_http_client:702:27)
2025-10-23 19:58:00 +00:00:     at HTTPParser.parserOnHeadersComplete (node:_http_common:118:17)
2025-10-23 19:58:00 +00:00:     at TLSSocket.socketOnData (node:_http_client:544:22)
2025-10-23 19:58:00 +00:00:     at TLSSocket.emit (node:events:524:28)
2025-10-23 19:58:00 +00:00:     at addChunk (node:internal/streams/readable:561:12)
2025-10-23 19:58:00 +00:00:     at readableAddChunkPushByteMode (node:internal/streams/readable:512:3)
2025-10-23 19:58:00 +00:00:     at Readable.push (node:internal/streams/readable:392:5)
2025-10-23 20:00:09 +00:00: ❌ Error fetching GitHub stats: Error: HTTP 403: Forbidden
2025-10-23 20:00:09 +00:00:     at ClientRequest.<anonymous> (/root/mofa-developer-page/server.js:167:23)
2025-10-23 20:00:09 +00:00:     at Object.onceWrapper (node:events:639:26)
2025-10-23 20:00:09 +00:00:     at ClientRequest.emit (node:events:524:28)
2025-10-23 20:00:09 +00:00:     at HTTPParser.parserOnIncomingClient [as onIncoming] (node:_http_client:702:27)
2025-10-23 20:00:09 +00:00:     at HTTPParser.parserOnHeadersComplete (node:_http_common:118:17)
2025-10-23 20:00:09 +00:00:     at TLSSocket.socketOnData (node:_http_client:544:22)
2025-10-23 20:00:09 +00:00:     at TLSSocket.emit (node:events:524:28)
2025-10-23 20:00:09 +00:00:     at addChunk (node:internal/streams/readable:561:12)
2025-10-23 20:00:09 +00:00:     at readableAddChunkPushByteMode (node:internal/streams/readable:512:3)
2025-10-23 20:00:09 +00:00:     at Readable.push (node:internal/streams/readable:392:5)
2025-10-23 20:00:19 +00:00: ❌ Error fetching GitHub stats: Error: HTTP 403: Forbidden
2025-10-23 20:00:19 +00:00:     at ClientRequest.<anonymous> (/root/mofa-developer-page/server.js:167:23)
2025-10-23 20:00:19 +00:00:     at Object.onceWrapper (node:events:639:26)
2025-10-23 20:00:19 +00:00:     at ClientRequest.emit (node:events:524:28)
2025-10-23 20:00:19 +00:00:     at HTTPParser.parserOnIncomingClient [as onIncoming] (node:_http_client:702:27)
2025-10-23 20:00:19 +00:00:     at HTTPParser.parserOnHeadersComplete (node:_http_common:118:17)
2025-10-23 20:00:19 +00:00:     at TLSSocket.socketOnData (node:_http_client:544:22)
2025-10-23 20:00:19 +00:00:     at TLSSocket.emit (node:events:524:28)
2025-10-23 20:00:19 +00:00:     at addChunk (node:internal/streams/readable:561:12)
2025-10-23 20:00:19 +00:00:     at readableAddChunkPushByteMode (node:internal/streams/readable:512:3)
2025-10-23 20:00:19 +00:00:     at Readable.push (node:internal/streams/readable:392:5)
2025-10-23 20:00:54 +00:00: ❌ Error fetching GitHub stats: Error: HTTP 403: Forbidden
2025-10-23 20:00:54 +00:00:     at ClientRequest.<anonymous> (/root/mofa-developer-page/server.js:167:23)
2025-10-23 20:00:54 +00:00:     at Object.onceWrapper (node:events:639:26)
2025-10-23 20:00:54 +00:00:     at ClientRequest.emit (node:events:524:28)
2025-10-23 20:00:54 +00:00:     at HTTPParser.parserOnIncomingClient [as onIncoming] (node:_http_client:702:27)
2025-10-23 20:00:54 +00:00:     at HTTPParser.parserOnHeadersComplete (node:_http_common:118:17)
2025-10-23 20:00:54 +00:00:     at TLSSocket.socketOnData (node:_http_client:544:22)
2025-10-23 20:00:54 +00:00:     at TLSSocket.emit (node:events:524:28)
2025-10-23 20:00:54 +00:00:     at addChunk (node:internal/streams/readable:561:12)
2025-10-23 20:00:54 +00:00:     at readableAddChunkPushByteMode (node:internal/streams/readable:512:3)
2025-10-23 20:00:54 +00:00:     at Readable.push (node:internal/streams/readable:392:5)
2025-10-23 20:00:54 +00:00: ❌ Error fetching icon: qr-code Error: HTTP 404: Not Found
2025-10-23 20:00:54 +00:00:     at ClientRequest.<anonymous> (/root/mofa-developer-page/server.js:167:23)
2025-10-23 20:00:54 +00:00:     at Object.onceWrapper (node:events:639:26)
2025-10-23 20:00:54 +00:00:     at ClientRequest.emit (node:events:524:28)
2025-10-23 20:00:54 +00:00:     at HTTPParser.parserOnIncomingClient [as onIncoming] (node:_http_client:702:27)
2025-10-23 20:00:54 +00:00:     at HTTPParser.parserOnHeadersComplete (node:_http_common:118:17)
2025-10-23 20:00:54 +00:00:     at TLSSocket.socketOnData (node:_http_client:544:22)
2025-10-23 20:00:54 +00:00:     at TLSSocket.emit (node:events:524:28)
2025-10-23 20:00:54 +00:00:     at addChunk (node:internal/streams/readable:561:12)
2025-10-23 20:00:54 +00:00:     at readableAddChunkPushByteMode (node:internal/streams/readable:512:3)
2025-10-23 20:00:54 +00:00:     at Readable.push (node:internal/streams/readable:392:5)
2025-10-23 20:01:05 +00:00: ❌ Error fetching GitHub stats: Error: HTTP 403: Forbidden
2025-10-23 20:01:05 +00:00:     at ClientRequest.<anonymous> (/root/mofa-developer-page/server.js:167:23)
2025-10-23 20:01:05 +00:00:     at Object.onceWrapper (node:events:639:26)
2025-10-23 20:01:05 +00:00:     at ClientRequest.emit (node:events:524:28)
2025-10-23 20:01:05 +00:00:     at HTTPParser.parserOnIncomingClient [as onIncoming] (node:_http_client:702:27)
2025-10-23 20:01:05 +00:00:     at HTTPParser.parserOnHeadersComplete (node:_http_common:118:17)
2025-10-23 20:01:05 +00:00:     at TLSSocket.socketOnData (node:_http_client:544:22)
2025-10-23 20:01:05 +00:00:     at TLSSocket.emit (node:events:524:28)
2025-10-23 20:01:05 +00:00:     at addChunk (node:internal/streams/readable:561:12)
2025-10-23 20:01:05 +00:00:     at readableAddChunkPushByteMode (node:internal/streams/readable:512:3)
2025-10-23 20:01:05 +00:00:     at Readable.push (node:internal/streams/readable:392:5)
2025-10-23 20:01:05 +00:00: ❌ Error fetching icon: qr-code Error: HTTP 404: Not Found
2025-10-23 20:01:05 +00:00:     at ClientRequest.<anonymous> (/root/mofa-developer-page/server.js:167:23)
2025-10-23 20:01:05 +00:00:     at Object.onceWrapper (node:events:639:26)
2025-10-23 20:01:05 +00:00:     at ClientRequest.emit (node:events:524:28)
2025-10-23 20:01:05 +00:00:     at HTTPParser.parserOnIncomingClient [as onIncoming] (node:_http_client:702:27)
2025-10-23 20:01:05 +00:00:     at HTTPParser.parserOnHeadersComplete (node:_http_common:118:17)
2025-10-23 20:01:05 +00:00:     at TLSSocket.socketOnData (node:_http_client:544:22)
2025-10-23 20:01:05 +00:00:     at TLSSocket.emit (node:events:524:28)
2025-10-23 20:01:05 +00:00:     at addChunk (node:internal/streams/readable:561:12)
2025-10-23 20:01:05 +00:00:     at readableAddChunkPushByteMode (node:internal/streams/readable:512:3)
2025-10-23 20:01:05 +00:00:     at Readable.push (node:internal/streams/readable:392:5)
2025-10-23 20:01:14 +00:00: ❌ Error fetching GitHub stats: Error: HTTP 403: Forbidden
2025-10-23 20:01:14 +00:00:     at ClientRequest.<anonymous> (/root/mofa-developer-page/server.js:167:23)
2025-10-23 20:01:14 +00:00:     at Object.onceWrapper (node:events:639:26)
2025-10-23 20:01:14 +00:00:     at ClientRequest.emit (node:events:524:28)
2025-10-23 20:01:14 +00:00:     at HTTPParser.parserOnIncomingClient [as onIncoming] (node:_http_client:702:27)
2025-10-23 20:01:14 +00:00:     at HTTPParser.parserOnHeadersComplete (node:_http_common:118:17)
2025-10-23 20:01:14 +00:00:     at TLSSocket.socketOnData (node:_http_client:544:22)
2025-10-23 20:01:14 +00:00:     at TLSSocket.emit (node:events:524:28)
2025-10-23 20:01:14 +00:00:     at addChunk (node:internal/streams/readable:561:12)
2025-10-23 20:01:14 +00:00:     at readableAddChunkPushByteMode (node:internal/streams/readable:512:3)
2025-10-23 20:01:14 +00:00:     at Readable.push (node:internal/streams/readable:392:5)
2025-10-23 20:01:15 +00:00: ❌ Error fetching icon: qr-code Error: HTTP 404: Not Found
2025-10-23 20:01:15 +00:00:     at ClientRequest.<anonymous> (/root/mofa-developer-page/server.js:167:23)
2025-10-23 20:01:15 +00:00:     at Object.onceWrapper (node:events:639:26)
2025-10-23 20:01:15 +00:00:     at ClientRequest.emit (node:events:524:28)
2025-10-23 20:01:15 +00:00:     at HTTPParser.parserOnIncomingClient [as onIncoming] (node:_http_client:702:27)
2025-10-23 20:01:15 +00:00:     at HTTPParser.parserOnHeadersComplete (node:_http_common:118:17)
2025-10-23 20:01:15 +00:00:     at TLSSocket.socketOnData (node:_http_client:544:22)
2025-10-23 20:01:15 +00:00:     at TLSSocket.emit (node:events:524:28)
2025-10-23 20:01:15 +00:00:     at addChunk (node:internal/streams/readable:561:12)
2025-10-23 20:01:15 +00:00:     at readableAddChunkPushByteMode (node:internal/streams/readable:512:3)
2025-10-23 20:01:15 +00:00:     at Readable.push (node:internal/streams/readable:392:5)
2025-10-23 20:09:50 +00:00: ❌ Error fetching GitHub stats: Error: HTTP 403: Forbidden
2025-10-23 20:09:50 +00:00:     at ClientRequest.<anonymous> (/root/mofa-developer-page/server.js:167:23)
2025-10-23 20:09:50 +00:00:     at Object.onceWrapper (node:events:639:26)
2025-10-23 20:09:50 +00:00:     at ClientRequest.emit (node:events:524:28)
2025-10-23 20:09:50 +00:00:     at HTTPParser.parserOnIncomingClient [as onIncoming] (node:_http_client:702:27)
2025-10-23 20:09:50 +00:00:     at HTTPParser.parserOnHeadersComplete (node:_http_common:118:17)
2025-10-23 20:09:50 +00:00:     at TLSSocket.socketOnData (node:_http_client:544:22)
2025-10-23 20:09:50 +00:00:     at TLSSocket.emit (node:events:524:28)
2025-10-23 20:09:50 +00:00:     at addChunk (node:internal/streams/readable:561:12)
2025-10-23 20:09:50 +00:00:     at readableAddChunkPushByteMode (node:internal/streams/readable:512:3)
2025-10-23 20:09:50 +00:00:     at Readable.push (node:internal/streams/readable:392:5)
2025-10-23 20:14:27 +00:00: ❌ Error fetching GitHub stats: Error: HTTP 403: Forbidden
2025-10-23 20:14:27 +00:00:     at ClientRequest.<anonymous> (/root/mofa-developer-page/server.js:167:23)
2025-10-23 20:14:27 +00:00:     at Object.onceWrapper (node:events:639:26)
2025-10-23 20:14:27 +00:00:     at ClientRequest.emit (node:events:524:28)
2025-10-23 20:14:27 +00:00:     at HTTPParser.parserOnIncomingClient [as onIncoming] (node:_http_client:702:27)
2025-10-23 20:14:27 +00:00:     at HTTPParser.parserOnHeadersComplete (node:_http_common:118:17)
2025-10-23 20:14:27 +00:00:     at TLSSocket.socketOnData (node:_http_client:544:22)
2025-10-23 20:14:27 +00:00:     at TLSSocket.emit (node:events:524:28)
2025-10-23 20:14:27 +00:00:     at addChunk (node:internal/streams/readable:561:12)
2025-10-23 20:14:27 +00:00:     at readableAddChunkPushByteMode (node:internal/streams/readable:512:3)
2025-10-23 20:14:27 +00:00:     at Readable.push (node:internal/streams/readable:392:5)
2025-10-23 20:14:48 +00:00: ❌ Error fetching GitHub stats: Error: HTTP 403: Forbidden
2025-10-23 20:14:48 +00:00:     at ClientRequest.<anonymous> (/root/mofa-developer-page/server.js:167:23)
2025-10-23 20:14:48 +00:00:     at Object.onceWrapper (node:events:639:26)
2025-10-23 20:14:48 +00:00:     at ClientRequest.emit (node:events:524:28)
2025-10-23 20:14:48 +00:00:     at HTTPParser.parserOnIncomingClient [as onIncoming] (node:_http_client:702:27)
2025-10-23 20:14:48 +00:00:     at HTTPParser.parserOnHeadersComplete (node:_http_common:118:17)
2025-10-23 20:14:48 +00:00:     at TLSSocket.socketOnData (node:_http_client:544:22)
2025-10-23 20:14:48 +00:00:     at TLSSocket.emit (node:events:524:28)
2025-10-23 20:14:48 +00:00:     at addChunk (node:internal/streams/readable:561:12)
2025-10-23 20:14:48 +00:00:     at readableAddChunkPushByteMode (node:internal/streams/readable:512:3)
2025-10-23 20:14:48 +00:00:     at Readable.push (node:internal/streams/readable:392:5)
